[Wed Mar 15 22:22:21.023614 2023] [mpm_winnt:notice] [pid 15348:tid 360] AH00455: Apache/2.4.56 (Win64) PHP/8.2.3 configured -- resuming normal operations
[Wed Mar 15 22:22:21.023614 2023] [mpm_winnt:notice] [pid 15348:tid 360] AH00456: Apache Lounge VS17 Server built: Mar  6 2023 10:53:37
[Wed Mar 15 22:22:21.023614 2023] [core:notice] [pid 15348:tid 360] AH00094: Command line: 'C:\\Apache24\\bin\\httpd.exe -d C:/Apache24'
[Wed Mar 15 22:22:21.039231 2023] [mpm_winnt:notice] [pid 15348:tid 360] AH00418: Parent: Created child process 6912
Apache server shutdown initiated...
pm_winnt:notice] [pid 6912:tid 380] AH00354: Child: Starting 64 worker threads.
[Wed Mar 15 23:29:44.301752 2023] [mpm_winnt:notice] [pid 15348:tid 360] AH00422: Parent: Received shutdown signal -- Shutting down the server.
[Wed Mar 15 23:29:46.311637 2023] [mpm_winnt:notice] [pid 6912:tid 380] AH00364: Child: All worker threads have exited.
[Wed Mar 15 23:29:46.327352 2023] [mpm_winnt:notice] [pid 15348:tid 360] AH00430: Parent: Child process 6912 exited successfully.
[Fri Mar 17 20:40:42.643272 2023] [mpm_winnt:notice] [pid 7832:tid 340] AH00455: Apache/2.4.56 (Win64) PHP/8.2.3 configured -- resuming normal operations
[Fri Mar 17 20:40:42.644780 2023] [mpm_winnt:notice] [pid 7832:tid 340] AH00456: Apache Lounge VS17 Server built: Mar  6 2023 10:53:37
[Fri Mar 17 20:40:42.644780 2023] [core:notice] [pid 7832:tid 340] AH00094: Command line: 'C:\\Apache24\\bin\\httpd.exe -d C:/Apache24'
[Fri Mar 17 20:40:42.648261 2023] [mpm_winnt:notice] [pid 7832:tid 340] AH00418: Parent: Created child process 12436
Apache server shutdown initiated...
pm_winnt:notice] [pid 12436:tid 332] AH00354: Child: Starting 64 worker threads.
[Fri Mar 17 22:56:03.203821 2023] [php:error] [pid 12436:tid 1128] [client ::1:50849] PHP Fatal error:  Uncaught Error: Array callback must have exactly two elements in C:\\localhost\\post.php:5\nStack trace:\n#0 {main}\n  thrown in C:\\localhost\\post.php on line 5, referer: http://localhost/reg.php
[Sat Mar 18 00:18:52.409658 2023] [php:error] [pid 12436:tid 1128] [client ::1:53382] PHP Fatal error:  Uncaught Error: Call to undefined method PDOException::errorInfo() in C:\\localhost\\post.php:36\nStack trace:\n#0 {main}\n  thrown in C:\\localhost\\post.php on line 36, referer: http://localhost/reg.php
[Sat Mar 18 00:25:55.685217 2023] [php:error] [pid 12436:tid 1136] [client ::1:61479] PHP Fatal error:  Uncaught Error: Call to undefined method PDOException::errorInfo() in C:\\localhost\\post.php:36\nStack trace:\n#0 {main}\n  thrown in C:\\localhost\\post.php on line 36, referer: http://localhost/reg.php
[Sat Mar 18 00:33:57.283244 2023] [php:error] [pid 12436:tid 1136] [client ::1:57790] PHP Parse error:  syntax error, unexpected token "echo" in C:\\localhost\\post.php on line 38, referer: http://localhost/reg.php
[Sat Mar 18 00:34:30.022714 2023] [php:error] [pid 12436:tid 1128] [client ::1:62632] PHP Parse error:  syntax error, unexpected token "echo" in C:\\localhost\\post.php on line 38, referer: http://localhost/reg.php
[Sat Mar 18 00:44:21.912272 2023] [mpm_winnt:notice] [pid 7832:tid 340] AH00422: Parent: Received shutdown signal -- Shutting down the server.
[Sat Mar 18 00:44:23.932248 2023] [mpm_winnt:notice] [pid 12436:tid 332] AH00364: Child: All worker threads have exited.
[Sat Mar 18 00:44:23.958009 2023] [mpm_winnt:notice] [pid 7832:tid 340] AH00430: Parent: Child process 12436 exited successfully.
[Sat Mar 18 19:01:13.895626 2023] [mpm_winnt:notice] [pid 11668:tid 364] AH00455: Apache/2.4.56 (Win64) PHP/8.2.3 configured -- resuming normal operations
[Sat Mar 18 19:01:13.895626 2023] [mpm_winnt:notice] [pid 11668:tid 364] AH00456: Apache Lounge VS17 Server built: Mar  6 2023 10:53:37
[Sat Mar 18 19:01:13.895626 2023] [core:notice] [pid 11668:tid 364] AH00094: Command line: 'C:\\Apache24\\bin\\httpd.exe -d C:/Apache24'
[Sat Mar 18 19:01:13.899621 2023] [mpm_winnt:notice] [pid 11668:tid 364] AH00418: Parent: Created child process 1656
Apache server shutdown initiated...
pm_winnt:notice] [pid 1656:tid 352] AH00354: Child: Starting 64 worker threads.
[Sat Mar 18 19:52:44.344561 2023] [php:error] [pid 1656:tid 1124] [client ::1:64373] PHP Parse error:  Unclosed '{' on line 23 in C:\\localhost\\auth.php on line 27
[Sat Mar 18 19:53:34.239737 2023] [php:error] [pid 1656:tid 1124] [client ::1:64395] PHP Parse error:  Unclosed '{' on line 23 in C:\\localhost\\auth.php on line 27
[Sat Mar 18 19:53:35.199164 2023] [php:error] [pid 1656:tid 1124] [client ::1:64395] PHP Parse error:  Unclosed '{' on line 23 in C:\\localhost\\auth.php on line 27
[Sat Mar 18 19:54:10.122438 2023] [php:error] [pid 1656:tid 1124] [client ::1:64423] PHP Parse error:  Unclosed '{' on line 23 in C:\\localhost\\auth.php on line 27
[Sat Mar 18 19:54:59.385467 2023] [php:error] [pid 1656:tid 1124] [client ::1:64446] PHP Parse error:  Unclosed '{' on line 23 in C:\\localhost\\auth.php on line 27
[Sat Mar 18 19:54:59.833151 2023] [php:error] [pid 1656:tid 1124] [client ::1:64446] PHP Parse error:  Unclosed '{' on line 23 in C:\\localhost\\auth.php on line 27
[Sat Mar 18 19:55:04.855915 2023] [php:error] [pid 1656:tid 1124] [client ::1:64451] PHP Parse error:  Unclosed '{' on line 23 in C:\\localhost\\auth.php on line 27
[Sat Mar 18 19:55:44.983696 2023] [php:error] [pid 1656:tid 1124] [client ::1:64486] PHP Parse error:  Unclosed '{' on line 23 in C:\\localhost\\auth.php on line 27, referer: http://localhost/
[Sat Mar 18 19:56:04.823524 2023] [php:error] [pid 1656:tid 1124] [client ::1:64499] PHP Parse error:  Unclosed '{' on line 23 in C:\\localhost\\auth.php on line 27, referer: http://localhost/
[Sat Mar 18 19:56:05.729242 2023] [php:error] [pid 1656:tid 1124] [client ::1:64499] PHP Parse error:  Unclosed '{' on line 23 in C:\\localhost\\auth.php on line 27, referer: http://localhost/
[Sat Mar 18 19:56:32.943363 2023] [php:error] [pid 1656:tid 1124] [client ::1:64512] PHP Parse error:  Unclosed '{' on line 23 in C:\\localhost\\auth.php on line 27, referer: http://localhost/
[Sat Mar 18 19:56:42.230094 2023] [php:error] [pid 1656:tid 1124] [client ::1:64517] PHP Parse error:  Unclosed '{' on line 23 in C:\\localhost\\auth.php on line 27, referer: http://localhost/
[Sat Mar 18 19:57:18.031302 2023] [php:error] [pid 1656:tid 1124] [client ::1:64530] PHP Parse error:  Unclosed '{' on line 23 in C:\\localhost\\auth.php on line 27, referer: http://localhost/
[Sat Mar 18 19:57:54.695699 2023] [php:error] [pid 1656:tid 1124] [client ::1:64545] PHP Parse error:  Unclosed '{' on line 23 in C:\\localhost\\auth.php on line 27, referer: http://localhost/
[Sat Mar 18 19:57:55.600302 2023] [php:error] [pid 1656:tid 1124] [client ::1:64545] PHP Parse error:  Unclosed '{' on line 23 in C:\\localhost\\auth.php on line 27, referer: http://localhost/
[Sat Mar 18 19:58:26.513789 2023] [php:warn] [pid 1656:tid 1124] [client ::1:64557] PHP Warning:  Undefined variable $UID in C:\\localhost\\auth.php on line 12, referer: http://localhost/
[Sat Mar 18 19:58:27.758042 2023] [php:warn] [pid 1656:tid 1128] [client ::1:64559] PHP Warning:  Undefined variable $UID in C:\\localhost\\auth.php on line 12, referer: http://localhost/
[Sat Mar 18 20:11:25.608128 2023] [php:warn] [pid 1656:tid 1124] [client ::1:64976] PHP Warning:  Undefined array key "action" in C:\\localhost\\auth_handler.php on line 6, referer: http://localhost/auth.php?f%5Blogin%5D=a&f%5Bpass%5D=sdfsdfdsf
[Sat Mar 18 20:19:20.378280 2023] [php:warn] [pid 1656:tid 1124] [client ::1:65162] PHP Warning:  Undefined variable $user in C:\\localhost\\auth_handler.php on line 30, referer: http://localhost/auth.php?f%5Blogin%5D=a&f%5Bpass%5D=sdfsdfdsf
[Sat Mar 18 20:27:00.014241 2023] [php:warn] [pid 1656:tid 1124] [client ::1:65358] PHP Warning:  Undefined array key "action" in C:\\localhost\\auth_handler.php on line 6, referer: http://localhost/auth.php?f%5Blogin%5D=a&f%5Bpass%5D=sdfsdfdsf
[Sat Mar 18 20:28:10.582233 2023] [php:warn] [pid 1656:tid 1124] [client ::1:65384] PHP Warning:  Undefined array key "action" in C:\\localhost\\auth_handler.php on line 2, referer: http://localhost/auth.php?f%5Blogin%5D=a&f%5Bpass%5D=sdfsdfdsf
[Sat Mar 18 20:56:44.194227 2023] [php:warn] [pid 1656:tid 1124] [client ::1:50561] PHP Warning:  Array to string conversion in C:\\localhost\\auth_handler.php on line 36, referer: http://localhost/auth.php?f%5Blogin%5D=a&f%5Bpass%5D=sdfsdfdsf
[Sat Mar 18 22:10:13.788726 2023] [mpm_winnt:notice] [pid 11668:tid 364] AH00422: Parent: Received shutdown signal -- Shutting down the server.
[Sat Mar 18 22:10:15.798996 2023] [mpm_winnt:notice] [pid 1656:tid 352] AH00364: Child: All worker threads have exited.
[Sat Mar 18 22:10:15.825635 2023] [mpm_winnt:notice] [pid 11668:tid 364] AH00430: Parent: Child process 1656 exited successfully.
[Sun Mar 19 21:16:02.125161 2023] [mpm_winnt:notice] [pid 2132:tid 336] AH00455: Apache/2.4.56 (Win64) PHP/8.2.3 configured -- resuming normal operations
[Sun Mar 19 21:16:02.125161 2023] [mpm_winnt:notice] [pid 2132:tid 336] AH00456: Apache Lounge VS17 Server built: Mar  6 2023 10:53:37
[Sun Mar 19 21:16:02.125161 2023] [core:notice] [pid 2132:tid 336] AH00094: Command line: 'C:\\Apache24\\bin\\httpd.exe -d C:/Apache24'
[Sun Mar 19 21:16:02.130102 2023] [mpm_winnt:notice] [pid 2132:tid 336] AH00418: Parent: Created child process 13640
Apache server shutdown initiated...
pm_winnt:notice] [pid 13640:tid 332] AH00354: Child: Starting 64 worker threads.
[Sun Mar 19 22:11:59.182960 2023] [php:error] [pid 13640:tid 1132] [client ::1:55108] PHP Parse error:  syntax error, unexpected double-quoted string ";", expecting "," or ";" in C:\\localhost\\edit.php on line 28, referer: http://localhost/update.php?id=47
[Sun Mar 19 22:12:20.501609 2023] [php:error] [pid 13640:tid 1132] [client ::1:55118] PHP Parse error:  syntax error, unexpected double-quoted string ";", expecting "," or ";" in C:\\localhost\\edit.php on line 28, referer: http://localhost/update.php?id=47
[Sun Mar 19 22:12:37.018497 2023] [php:error] [pid 13640:tid 1132] [client ::1:55130] PHP Parse error:  syntax error, unexpected double-quoted string ";", expecting "," or ";" in C:\\localhost\\edit.php on line 28, referer: http://localhost/update.php?id=47
[Sun Mar 19 22:21:01.110064 2023] [php:warn] [pid 13640:tid 1132] [client ::1:55335] PHP Warning:  Trying to access array offset on value of type bool in C:\\localhost\\auth.php on line 15, referer: http://localhost/update.php?id=47
[Sun Mar 19 22:21:01.110064 2023] [php:warn] [pid 13640:tid 1132] [client ::1:55335] PHP Warning:  Trying to access array offset on value of type bool in C:\\localhost\\auth.php on line 16, referer: http://localhost/update.php?id=47
[Sun Mar 19 22:21:01.110064 2023] [php:warn] [pid 13640:tid 1132] [client ::1:55335] PHP Warning:  Trying to access array offset on value of type bool in C:\\localhost\\auth.php on line 18, referer: http://localhost/update.php?id=47
[Sun Mar 19 22:21:01.110064 2023] [php:warn] [pid 13640:tid 1132] [client ::1:55335] PHP Warning:  Trying to access array offset on value of type bool in C:\\localhost\\auth.php on line 21, referer: http://localhost/update.php?id=47
[Sun Mar 19 22:23:49.546979 2023] [php:warn] [pid 13640:tid 1132] [client ::1:55412] PHP Warning:  Trying to access array offset on value of type bool in C:\\localhost\\auth.php on line 15, referer: http://localhost/update.php?id=47
[Sun Mar 19 22:23:49.546979 2023] [php:warn] [pid 13640:tid 1132] [client ::1:55412] PHP Warning:  Trying to access array offset on value of type bool in C:\\localhost\\auth.php on line 16, referer: http://localhost/update.php?id=47
[Sun Mar 19 22:23:49.546979 2023] [php:warn] [pid 13640:tid 1132] [client ::1:55412] PHP Warning:  Trying to access array offset on value of type bool in C:\\localhost\\auth.php on line 18, referer: http://localhost/update.php?id=47
[Sun Mar 19 22:23:49.547976 2023] [php:warn] [pid 13640:tid 1132] [client ::1:55412] PHP Warning:  Trying to access array offset on value of type bool in C:\\localhost\\auth.php on line 21, referer: http://localhost/update.php?id=47
[Sun Mar 19 22:23:51.551835 2023] [php:notice] [pid 13640:tid 1132] [client ::1:55412] PHP Deprecated:  Automatic conversion of false to array is deprecated in C:\\localhost\\edit.php on line 31, referer: http://localhost/update.php?id=47
[Sun Mar 19 22:23:51.564712 2023] [php:warn] [pid 13640:tid 1132] [client ::1:55412] PHP Warning:  Undefined array key "login" in C:\\localhost\\auth.php on line 15, referer: http://localhost/update.php?id=47
[Sun Mar 19 22:23:51.564712 2023] [php:warn] [pid 13640:tid 1132] [client ::1:55412] PHP Warning:  Undefined array key "id" in C:\\localhost\\auth.php on line 21, referer: http://localhost/update.php?id=47
[Sun Mar 19 22:39:35.360665 2023] [mpm_winnt:notice] [pid 2132:tid 336] AH00422: Parent: Received shutdown signal -- Shutting down the server.
[Sun Mar 19 22:39:37.377724 2023] [mpm_winnt:notice] [pid 13640:tid 332] AH00364: Child: All worker threads have exited.
[Sun Mar 19 22:39:37.403536 2023] [mpm_winnt:notice] [pid 2132:tid 336] AH00430: Parent: Child process 13640 exited successfully.
[Tue Mar 21 21:38:04.686033 2023] [mpm_winnt:notice] [pid 1184:tid 364] AH00455: Apache/2.4.56 (Win64) PHP/8.2.3 configured -- resuming normal operations
[Tue Mar 21 21:38:04.686033 2023] [mpm_winnt:notice] [pid 1184:tid 364] AH00456: Apache Lounge VS17 Server built: Mar  6 2023 10:53:37
[Tue Mar 21 21:38:04.686033 2023] [core:notice] [pid 1184:tid 364] AH00094: Command line: 'C:\\Apache24\\bin\\httpd.exe -d C:/Apache24'
[Tue Mar 21 21:38:04.686033 2023] [mpm_winnt:notice] [pid 1184:tid 364] AH00418: Parent: Created child process 7484
Apache server shutdown initiated...
pm_winnt:notice] [pid 7484:tid 336] AH00354: Child: Starting 64 worker threads.
[Tue Mar 21 21:38:50.067194 2023] [php:error] [pid 7484:tid 1148] [client ::1:53729] script 'C:/localhost/updat.php' not found or unable to stat
[Tue Mar 21 21:45:41.546461 2023] [php:error] [pid 7484:tid 1148] [client ::1:53874] script 'C:/localhost/edit.php' not found or unable to stat, referer: http://localhost/update_user.php?id=45
[Tue Mar 21 21:45:42.685941 2023] [php:error] [pid 7484:tid 1148] [client ::1:53874] script 'C:/localhost/edit.php' not found or unable to stat, referer: http://localhost/update_user.php?id=45
[Tue Mar 21 21:45:44.118115 2023] [php:error] [pid 7484:tid 1148] [client ::1:53874] script 'C:/localhost/edit.php' not found or unable to stat, referer: http://localhost/update_user.php?id=45
[Tue Mar 21 21:45:51.935906 2023] [php:error] [pid 7484:tid 1148] [client ::1:53888] script 'C:/localhost/edit.php' not found or unable to stat, referer: http://localhost/update_user.php?id=45
[Tue Mar 21 21:45:52.112387 2023] [php:error] [pid 7484:tid 1148] [client ::1:53888] script 'C:/localhost/edit.php' not found or unable to stat, referer: http://localhost/update_user.php?id=45
[Tue Mar 21 22:07:20.508380 2023] [php:error] [pid 7484:tid 1128] [client ::1:54538] PHP Parse error:  syntax error, unexpected token "else" in C:\\localhost\\localhost.php on line 17
[Tue Mar 21 22:07:30.514221 2023] [php:error] [pid 7484:tid 1128] [client ::1:54545] PHP Parse error:  syntax error, unexpected token "else", expecting end of file in C:\\localhost\\localhost.php on line 17
[Tue Mar 21 22:07:45.947542 2023] [php:warn] [pid 7484:tid 1128] [client ::1:54554] PHP Warning:  Undefined array key "user" in C:\\localhost\\localhost.php on line 18
[Tue Mar 21 22:07:45.947542 2023] [php:warn] [pid 7484:tid 1128] [client ::1:54554] PHP Warning:  Trying to access array offset on value of type null in C:\\localhost\\localhost.php on line 18
[Tue Mar 21 22:07:45.947542 2023] [php:warn] [pid 7484:tid 1128] [client ::1:54554] PHP Warning:  Undefined array key "user" in C:\\localhost\\localhost.php on line 19
[Tue Mar 21 22:07:45.947542 2023] [php:warn] [pid 7484:tid 1128] [client ::1:54554] PHP Warning:  Trying to access array offset on value of type null in C:\\localhost\\localhost.php on line 19
[Tue Mar 21 22:07:45.947542 2023] [php:warn] [pid 7484:tid 1128] [client ::1:54554] PHP Warning:  Undefined array key "user" in C:\\localhost\\localhost.php on line 21
[Tue Mar 21 22:07:45.947542 2023] [php:warn] [pid 7484:tid 1128] [client ::1:54554] PHP Warning:  Trying to access array offset on value of type null in C:\\localhost\\localhost.php on line 21
[Tue Mar 21 22:07:45.947542 2023] [php:warn] [pid 7484:tid 1128] [client ::1:54554] PHP Warning:  Undefined array key "user" in C:\\localhost\\localhost.php on line 24
[Tue Mar 21 22:07:45.947542 2023] [php:warn] [pid 7484:tid 1128] [client ::1:54554] PHP Warning:  Trying to access array offset on value of type null in C:\\localhost\\localhost.php on line 24
[Tue Mar 21 22:07:59.965240 2023] [php:warn] [pid 7484:tid 1148] [client ::1:54565] PHP Warning:  Undefined array key "user" in C:\\localhost\\localhost.php on line 18
[Tue Mar 21 22:07:59.965240 2023] [php:warn] [pid 7484:tid 1148] [client ::1:54565] PHP Warning:  Trying to access array offset on value of type null in C:\\localhost\\localhost.php on line 18
[Tue Mar 21 22:07:59.965240 2023] [php:warn] [pid 7484:tid 1148] [client ::1:54565] PHP Warning:  Undefined array key "user" in C:\\localhost\\localhost.php on line 19
[Tue Mar 21 22:07:59.965240 2023] [php:warn] [pid 7484:tid 1148] [client ::1:54565] PHP Warning:  Trying to access array offset on value of type null in C:\\localhost\\localhost.php on line 19
[Tue Mar 21 22:07:59.965240 2023] [php:warn] [pid 7484:tid 1148] [client ::1:54565] PHP Warning:  Undefined array key "user" in C:\\localhost\\localhost.php on line 21
[Tue Mar 21 22:07:59.965240 2023] [php:warn] [pid 7484:tid 1148] [client ::1:54565] PHP Warning:  Trying to access array offset on value of type null in C:\\localhost\\localhost.php on line 21
[Tue Mar 21 22:07:59.965240 2023] [php:warn] [pid 7484:tid 1148] [client ::1:54565] PHP Warning:  Undefined array key "user" in C:\\localhost\\localhost.php on line 24
[Tue Mar 21 22:07:59.965240 2023] [php:warn] [pid 7484:tid 1148] [client ::1:54565] PHP Warning:  Trying to access array offset on value of type null in C:\\localhost\\localhost.php on line 24
[Tue Mar 21 22:11:15.113950 2023] [php:warn] [pid 7484:tid 1128] [client ::1:54672] PHP Warning:  Undefined array key "user" in C:\\localhost\\localhost.php on line 18
[Tue Mar 21 22:11:15.113950 2023] [php:warn] [pid 7484:tid 1128] [client ::1:54672] PHP Warning:  Trying to access array offset on value of type null in C:\\localhost\\localhost.php on line 18
[Tue Mar 21 22:11:15.113950 2023] [php:warn] [pid 7484:tid 1128] [client ::1:54672] PHP Warning:  Undefined array key "user" in C:\\localhost\\localhost.php on line 19
[Tue Mar 21 22:11:15.113950 2023] [php:warn] [pid 7484:tid 1128] [client ::1:54672] PHP Warning:  Trying to access array offset on value of type null in C:\\localhost\\localhost.php on line 19
[Tue Mar 21 22:11:15.113950 2023] [php:warn] [pid 7484:tid 1128] [client ::1:54672] PHP Warning:  Undefined array key "user" in C:\\localhost\\localhost.php on line 21
[Tue Mar 21 22:11:15.113950 2023] [php:warn] [pid 7484:tid 1128] [client ::1:54672] PHP Warning:  Trying to access array offset on value of type null in C:\\localhost\\localhost.php on line 21
[Tue Mar 21 22:11:15.113950 2023] [php:warn] [pid 7484:tid 1128] [client ::1:54672] PHP Warning:  Undefined array key "user" in C:\\localhost\\localhost.php on line 24
[Tue Mar 21 22:11:15.113950 2023] [php:warn] [pid 7484:tid 1128] [client ::1:54672] PHP Warning:  Trying to access array offset on value of type null in C:\\localhost\\localhost.php on line 24
[Tue Mar 21 22:12:02.338615 2023] [php:warn] [pid 7484:tid 1128] [client ::1:54696] PHP Warning:  Undefined global variable $_SESSION in C:\\localhost\\localhost.php on line 15, referer: http://localhost/auth.php
[Tue Mar 21 22:12:02.338615 2023] [php:warn] [pid 7484:tid 1128] [client ::1:54696] PHP Warning:  Trying to access array offset on value of type null in C:\\localhost\\localhost.php on line 15, referer: http://localhost/auth.php
[Tue Mar 21 22:12:02.338615 2023] [php:warn] [pid 7484:tid 1128] [client ::1:54696] PHP Warning:  Trying to access array offset on value of type null in C:\\localhost\\localhost.php on line 15, referer: http://localhost/auth.php
[Tue Mar 21 22:12:02.338615 2023] [php:warn] [pid 7484:tid 1128] [client ::1:54696] PHP Warning:  Undefined global variable $_SESSION in C:\\localhost\\localhost.php on line 16, referer: http://localhost/auth.php
[Tue Mar 21 22:12:02.338615 2023] [php:warn] [pid 7484:tid 1128] [client ::1:54696] PHP Warning:  Trying to access array offset on value of type null in C:\\localhost\\localhost.php on line 16, referer: http://localhost/auth.php
[Tue Mar 21 22:12:02.338615 2023] [php:warn] [pid 7484:tid 1128] [client ::1:54696] PHP Warning:  Trying to access array offset on value of type null in C:\\localhost\\localhost.php on line 16, referer: http://localhost/auth.php
[Tue Mar 21 22:12:02.338615 2023] [php:warn] [pid 7484:tid 1128] [client ::1:54696] PHP Warning:  Undefined global variable $_SESSION in C:\\localhost\\localhost.php on line 18, referer: http://localhost/auth.php
[Tue Mar 21 22:12:02.338615 2023] [php:warn] [pid 7484:tid 1128] [client ::1:54696] PHP Warning:  Trying to access array offset on value of type null in C:\\localhost\\localhost.php on line 18, referer: http://localhost/auth.php
[Tue Mar 21 22:12:02.338615 2023] [php:warn] [pid 7484:tid 1128] [client ::1:54696] PHP Warning:  Trying to access array offset on value of type null in C:\\localhost\\localhost.php on line 18, referer: http://localhost/auth.php
[Tue Mar 21 22:12:02.338615 2023] [php:warn] [pid 7484:tid 1128] [client ::1:54696] PHP Warning:  Undefined global variable $_SESSION in C:\\localhost\\localhost.php on line 21, referer: http://localhost/auth.php
[Tue Mar 21 22:12:02.338615 2023] [php:warn] [pid 7484:tid 1128] [client ::1:54696] PHP Warning:  Trying to access array offset on value of type null in C:\\localhost\\localhost.php on line 21, referer: http://localhost/auth.php
[Tue Mar 21 22:12:02.338615 2023] [php:warn] [pid 7484:tid 1128] [client ::1:54696] PHP Warning:  Trying to access array offset on value of type null in C:\\localhost\\localhost.php on line 21, referer: http://localhost/auth.php
[Tue Mar 21 22:12:15.602829 2023] [php:warn] [pid 7484:tid 1148] [client ::1:54708] PHP Warning:  Undefined global variable $_SESSION in C:\\localhost\\localhost.php on line 15, referer: http://localhost/auth.php
[Tue Mar 21 22:12:15.602829 2023] [php:warn] [pid 7484:tid 1148] [client ::1:54708] PHP Warning:  Trying to access array offset on value of type null in C:\\localhost\\localhost.php on line 15, referer: http://localhost/auth.php
[Tue Mar 21 22:12:15.602829 2023] [php:warn] [pid 7484:tid 1148] [client ::1:54708] PHP Warning:  Trying to access array offset on value of type null in C:\\localhost\\localhost.php on line 15, referer: http://localhost/auth.php
[Tue Mar 21 22:12:15.602829 2023] [php:warn] [pid 7484:tid 1148] [client ::1:54708] PHP Warning:  Undefined global variable $_SESSION in C:\\localhost\\localhost.php on line 16, referer: http://localhost/auth.php
[Tue Mar 21 22:12:15.602829 2023] [php:warn] [pid 7484:tid 1148] [client ::1:54708] PHP Warning:  Trying to access array offset on value of type null in C:\\localhost\\localhost.php on line 16, referer: http://localhost/auth.php
[Tue Mar 21 22:12:15.602829 2023] [php:warn] [pid 7484:tid 1148] [client ::1:54708] PHP Warning:  Trying to access array offset on value of type null in C:\\localhost\\localhost.php on line 16, referer: http://localhost/auth.php
[Tue Mar 21 22:12:15.602829 2023] [php:warn] [pid 7484:tid 1148] [client ::1:54708] PHP Warning:  Undefined global variable $_SESSION in C:\\localhost\\localhost.php on line 18, referer: http://localhost/auth.php
[Tue Mar 21 22:12:15.602829 2023] [php:warn] [pid 7484:tid 1148] [client ::1:54708] PHP Warning:  Trying to access array offset on value of type null in C:\\localhost\\localhost.php on line 18, referer: http://localhost/auth.php
[Tue Mar 21 22:12:15.602829 2023] [php:warn] [pid 7484:tid 1148] [client ::1:54708] PHP Warning:  Trying to access array offset on value of type null in C:\\localhost\\localhost.php on line 18, referer: http://localhost/auth.php
[Tue Mar 21 22:12:15.602829 2023] [php:warn] [pid 7484:tid 1148] [client ::1:54708] PHP Warning:  Undefined global variable $_SESSION in C:\\localhost\\localhost.php on line 21, referer: http://localhost/auth.php
[Tue Mar 21 22:12:15.602829 2023] [php:warn] [pid 7484:tid 1148] [client ::1:54708] PHP Warning:  Trying to access array offset on value of type null in C:\\localhost\\localhost.php on line 21, referer: http://localhost/auth.php
[Tue Mar 21 22:12:15.602829 2023] [php:warn] [pid 7484:tid 1148] [client ::1:54708] PHP Warning:  Trying to access array offset on value of type null in C:\\localhost\\localhost.php on line 21, referer: http://localhost/auth.php
[Tue Mar 21 23:35:55.032856 2023] [mpm_winnt:notice] [pid 1184:tid 364] AH00422: Parent: Received shutdown signal -- Shutting down the server.
[Tue Mar 21 23:35:57.057102 2023] [mpm_winnt:notice] [pid 7484:tid 336] AH00364: Child: All worker threads have exited.
[Tue Mar 21 23:35:57.086941 2023] [mpm_winnt:notice] [pid 1184:tid 364] AH00430: Parent: Child process 7484 exited successfully.
[Wed Mar 22 20:58:26.992422 2023] [mpm_winnt:notice] [pid 1768:tid 340] AH00455: Apache/2.4.56 (Win64) PHP/8.2.3 configured -- resuming normal operations
[Wed Mar 22 20:58:26.992422 2023] [mpm_winnt:notice] [pid 1768:tid 340] AH00456: Apache Lounge VS17 Server built: Mar  6 2023 10:53:37
[Wed Mar 22 20:58:26.992422 2023] [core:notice] [pid 1768:tid 340] AH00094: Command line: 'C:\\Apache24\\bin\\httpd.exe -d C:/Apache24'
[Wed Mar 22 20:58:26.996918 2023] [mpm_winnt:notice] [pid 1768:tid 340] AH00418: Parent: Created child process 8024
Apache server shutdown initiated...
pm_winnt:notice] [pid 8024:tid 332] AH00354: Child: Starting 64 worker threads.
[Wed Mar 22 21:10:47.328019 2023] [php:error] [pid 8024:tid 1128] [client ::1:56307] script 'C:/localhost/localhost.php' not found or unable to stat, referer: http://localhost/localhost.php
[Wed Mar 22 21:11:48.338276 2023] [php:error] [pid 8024:tid 1128] [client ::1:56349] script 'C:/localhost/localhost.php' not found or unable to stat, referer: http://localhost/auth.php
[Wed Mar 22 22:20:30.560433 2023] [php:error] [pid 8024:tid 1120] [client ::1:58404] script 'C:/localhost/localhost.php' not found or unable to stat, referer: http://localhost/index.php
[Wed Mar 22 23:00:39.484012 2023] [mpm_winnt:notice] [pid 1768:tid 340] AH00422: Parent: Received shutdown signal -- Shutting down the server.
[Wed Mar 22 23:00:41.501016 2023] [mpm_winnt:notice] [pid 8024:tid 332] AH00364: Child: All worker threads have exited.
[Wed Mar 22 23:00:41.528607 2023] [mpm_winnt:notice] [pid 1768:tid 340] AH00430: Parent: Child process 8024 exited successfully.
[Tue Mar 28 20:31:50.186297 2023] [mpm_winnt:notice] [pid 11604:tid 336] AH00455: Apache/2.4.56 (Win64) PHP/8.2.3 configured -- resuming normal operations
[Tue Mar 28 20:31:50.187295 2023] [mpm_winnt:notice] [pid 11604:tid 336] AH00456: Apache Lounge VS17 Server built: Mar  6 2023 10:53:37
[Tue Mar 28 20:31:50.187295 2023] [core:notice] [pid 11604:tid 336] AH00094: Command line: 'C:\\Apache24\\bin\\httpd.exe -d C:/Apache24'
[Tue Mar 28 20:31:50.191284 2023] [mpm_winnt:notice] [pid 11604:tid 336] AH00418: Parent: Created child process 15744
Apache server shutdown initiated...
pm_winnt:notice] [pid 15744:tid 336] AH00354: Child: Starting 64 worker threads.
[Tue Mar 28 21:22:43.828008 2023] [php:error] [pid 15744:tid 1116] [client ::1:63325] script 'C:/localhost/upload.php' not found or unable to stat, referer: http://localhost/import_directory.php
[Tue Mar 28 21:23:12.149129 2023] [php:error] [pid 15744:tid 1116] [client ::1:63337] script 'C:/localhost/upload.php' not found or unable to stat, referer: http://localhost/import_directory.php
[Tue Mar 28 21:23:20.014691 2023] [php:warn] [pid 15744:tid 1116] [client ::1:63337] PHP Warning:  move_uploaded_file(uploads/642314780307b_directory_export.csv): Failed to open stream: No such file or directory in C:\\localhost\\import_directory.php on line 36, referer: http://localhost/import_directory.php
[Tue Mar 28 21:23:20.014691 2023] [php:warn] [pid 15744:tid 1116] [client ::1:63337] PHP Warning:  move_uploaded_file(): Unable to move &quot;C:\\Users\\gizat\\AppData\\Local\\Temp\\php5639.tmp&quot; to &quot;uploads/642314780307b_directory_export.csv&quot; in C:\\localhost\\import_directory.php on line 36, referer: http://localhost/import_directory.php
[Tue Mar 28 21:24:40.264534 2023] [php:error] [pid 15744:tid 1116] [client ::1:63416] PHP Fatal error:  Uncaught mysqli_sql_exception: Check constraint 'directory_chk_1' is violated. in C:\\localhost\\import_directory.php:67\nStack trace:\n#0 C:\\localhost\\import_directory.php(67): mysqli_query(Object(mysqli), 'INSERT INTO dir...')\n#1 {main}\n  thrown in C:\\localhost\\import_directory.php on line 67, referer: http://localhost/import_directory.php
[Tue Mar 28 21:26:04.656987 2023] [php:error] [pid 15744:tid 1116] [client ::1:63456] PHP Fatal error:  Uncaught mysqli_sql_exception: Check constraint 'directory_chk_1' is violated. in C:\\localhost\\import_directory.php:67\nStack trace:\n#0 C:\\localhost\\import_directory.php(67): mysqli_query(Object(mysqli), 'INSERT INTO dir...')\n#1 {main}\n  thrown in C:\\localhost\\import_directory.php on line 67, referer: http://localhost/import_directory.php
[Tue Mar 28 21:26:11.642079 2023] [php:error] [pid 15744:tid 1116] [client ::1:63456] PHP Fatal error:  Uncaught mysqli_sql_exception: Check constraint 'directory_chk_1' is violated. in C:\\localhost\\import_directory.php:67\nStack trace:\n#0 C:\\localhost\\import_directory.php(67): mysqli_query(Object(mysqli), 'INSERT INTO dir...')\n#1 {main}\n  thrown in C:\\localhost\\import_directory.php on line 67, referer: http://localhost/import_directory.php
[Tue Mar 28 21:26:17.711644 2023] [php:error] [pid 15744:tid 1116] [client ::1:63510] PHP Fatal error:  Uncaught mysqli_sql_exception: Check constraint 'directory_chk_1' is violated. in C:\\localhost\\import_directory.php:67\nStack trace:\n#0 C:\\localhost\\import_directory.php(67): mysqli_query(Object(mysqli), 'INSERT INTO dir...')\n#1 {main}\n  thrown in C:\\localhost\\import_directory.php on line 67, referer: http://localhost/import_directory.php
[Tue Mar 28 21:30:50.984062 2023] [php:warn] [pid 15744:tid 1116] [client ::1:63615] PHP Warning:  Undefined variable $row in C:\\localhost\\import_directory.php on line 47, referer: http://localhost/import_directory.php
[Tue Mar 28 22:00:04.236242 2023] [php:error] [pid 15744:tid 1116] [client ::1:64624] PHP Fatal error:  Uncaught mysqli_sql_exception: Check constraint 'directory_chk_1' is violated. in C:\\localhost\\import_directory.php:77\nStack trace:\n#0 C:\\localhost\\import_directory.php(77): mysqli_query(Object(mysqli), 'INSERT INTO dir...')\n#1 {main}\n  thrown in C:\\localhost\\import_directory.php on line 77, referer: http://localhost/import_directory.php
[Tue Mar 28 22:03:52.514502 2023] [php:error] [pid 15744:tid 1116] [client ::1:64876] PHP Fatal error:  Uncaught mysqli_sql_exception: Check constraint 'directory_chk_1' is violated. in C:\\localhost\\import_directory.php:77\nStack trace:\n#0 C:\\localhost\\import_directory.php(77): mysqli_query(Object(mysqli), 'INSERT INTO dir...')\n#1 {main}\n  thrown in C:\\localhost\\import_directory.php on line 77, referer: http://localhost/import_directory.php
[Tue Mar 28 22:04:06.813305 2023] [php:error] [pid 15744:tid 1116] [client ::1:64876] PHP Fatal error:  Uncaught mysqli_sql_exception: Check constraint 'directory_chk_1' is violated. in C:\\localhost\\import_directory.php:77\nStack trace:\n#0 C:\\localhost\\import_directory.php(77): mysqli_query(Object(mysqli), 'INSERT INTO dir...')\n#1 {main}\n  thrown in C:\\localhost\\import_directory.php on line 77, referer: http://localhost/import_directory.php
[Tue Mar 28 22:25:40.185610 2023] [mpm_winnt:notice] [pid 11604:tid 336] AH00422: Parent: Received shutdown signal -- Shutting down the server.
[Tue Mar 28 22:25:42.212839 2023] [mpm_winnt:notice] [pid 15744:tid 336] AH00364: Child: All worker threads have exited.
[Tue Mar 28 22:25:42.252582 2023] [mpm_winnt:notice] [pid 11604:tid 336] AH00430: Parent: Child process 15744 exited successfully.
[Mon Apr 10 19:43:32.928004 2023] [mpm_winnt:notice] [pid 2872:tid 180] AH00455: Apache/2.4.56 (Win64) PHP/8.2.3 configured -- resuming normal operations
[Mon Apr 10 19:43:32.928978 2023] [mpm_winnt:notice] [pid 2872:tid 180] AH00456: Apache Lounge VS17 Server built: Mar  6 2023 10:53:37
[Mon Apr 10 19:43:32.928978 2023] [core:notice] [pid 2872:tid 180] AH00094: Command line: 'C:\\Apache24\\bin\\httpd.exe -d C:/Apache24'
[Mon Apr 10 19:43:32.932967 2023] [mpm_winnt:notice] [pid 2872:tid 180] AH00418: Parent: Created child process 12652
Apache server shutdown initiated...
pm_winnt:notice] [pid 12652:tid 392] AH00354: Child: Starting 64 worker threads.
[Mon Apr 10 20:23:39.970335 2023] [mpm_winnt:notice] [pid 2872:tid 180] AH00422: Parent: Received shutdown signal -- Shutting down the server.
[Mon Apr 10 20:23:41.983401 2023] [mpm_winnt:notice] [pid 12652:tid 392] AH00364: Child: All worker threads have exited.
[Mon Apr 10 20:23:42.012358 2023] [mpm_winnt:notice] [pid 2872:tid 180] AH00430: Parent: Child process 12652 exited successfully.
[Thu Apr 20 19:30:19.776547 2023] [mpm_winnt:notice] [pid 17340:tid 312] AH00455: Apache/2.4.56 (Win64) PHP/8.2.3 configured -- resuming normal operations
[Thu Apr 20 19:30:19.777552 2023] [mpm_winnt:notice] [pid 17340:tid 312] AH00456: Apache Lounge VS17 Server built: Mar  6 2023 10:53:37
[Thu Apr 20 19:30:19.777552 2023] [core:notice] [pid 17340:tid 312] AH00094: Command line: 'C:\\Apache24\\bin\\httpd.exe -d C:/Apache24'
[Thu Apr 20 19:30:19.781534 2023] [mpm_winnt:notice] [pid 17340:tid 312] AH00418: Parent: Created child process 10724
Apache server shutdown initiated...
pm_winnt:notice] [pid 10724:tid 208] AH00354: Child: Starting 64 worker threads.
[Thu Apr 20 19:52:24.156705 2023] [mpm_winnt:notice] [pid 17340:tid 312] AH00422: Parent: Received shutdown signal -- Shutting down the server.
[Thu Apr 20 19:52:26.175102 2023] [mpm_winnt:notice] [pid 10724:tid 208] AH00364: Child: All worker threads have exited.
[Thu Apr 20 19:52:26.201507 2023] [mpm_winnt:notice] [pid 17340:tid 312] AH00430: Parent: Child process 10724 exited successfully.
[Sun May 07 02:29:13.362891 2023] [mpm_winnt:notice] [pid 17348:tid 328] AH00455: Apache/2.4.56 (Win64) PHP/8.2.3 configured -- resuming normal operations
[Sun May 07 02:29:13.363931 2023] [mpm_winnt:notice] [pid 17348:tid 328] AH00456: Apache Lounge VS17 Server built: Mar  6 2023 10:53:37
[Sun May 07 02:29:13.363931 2023] [core:notice] [pid 17348:tid 328] AH00094: Command line: 'C:\\Apache24\\bin\\httpd.exe -d C:/Apache24'
[Sun May 07 02:29:13.368240 2023] [mpm_winnt:notice] [pid 17348:tid 328] AH00418: Parent: Created child process 11808
Apache server shutdown initiated...
pm_winnt:notice] [pid 11808:tid 332] AH00354: Child: Starting 64 worker threads.
[Sun May 07 02:37:34.204516 2023] [mpm_winnt:notice] [pid 17348:tid 328] AH00422: Parent: Received shutdown signal -- Shutting down the server.
[Sun May 07 02:37:36.214819 2023] [mpm_winnt:notice] [pid 11808:tid 332] AH00364: Child: All worker threads have exited.
[Sun May 07 02:37:36.247538 2023] [mpm_winnt:notice] [pid 17348:tid 328] AH00430: Parent: Child process 11808 exited successfully.
[Thu May 11 22:00:03.657511 2023] [mpm_winnt:notice] [pid 5740:tid 368] AH00455: Apache/2.4.56 (Win64) PHP/8.2.3 configured -- resuming normal operations
[Thu May 11 22:00:03.658512 2023] [mpm_winnt:notice] [pid 5740:tid 368] AH00456: Apache Lounge VS17 Server built: Mar  6 2023 10:53:37
[Thu May 11 22:00:03.658512 2023] [core:notice] [pid 5740:tid 368] AH00094: Command line: 'C:\\Apache24\\bin\\httpd.exe -d C:/Apache24'
[Thu May 11 22:00:03.663496 2023] [mpm_winnt:notice] [pid 5740:tid 368] AH00418: Parent: Created child process 12052
Apache server shutdown initiated...
pm_winnt:notice] [pid 12052:tid 336] AH00354: Child: Starting 64 worker threads.
[Thu May 11 22:09:36.012052 2023] [php:error] [pid 12052:tid 1160] [client ::1:52689] PHP Fatal error:  Uncaught mysqli_sql_exception: Check constraint 'directory_chk_1' is violated. in C:\\localhost\\import_directory.php:94\nStack trace:\n#0 C:\\localhost\\import_directory.php(94): mysqli_query(Object(mysqli), 'INSERT INTO dir...')\n#1 {main}\n  thrown in C:\\localhost\\import_directory.php on line 94, referer: http://localhost/import_directory.php
[Thu May 11 22:10:48.016461 2023] [php:error] [pid 12052:tid 1160] [client ::1:52755] PHP Fatal error:  Uncaught mysqli_sql_exception: Check constraint 'directory_chk_1' is violated. in C:\\localhost\\import_directory.php:94\nStack trace:\n#0 C:\\localhost\\import_directory.php(94): mysqli_query(Object(mysqli), 'INSERT INTO dir...')\n#1 {main}\n  thrown in C:\\localhost\\import_directory.php on line 94, referer: http://localhost/import_directory.php
[Thu May 11 22:12:14.541244 2023] [php:error] [pid 12052:tid 1160] [client ::1:53367] PHP Fatal error:  Uncaught mysqli_sql_exception: Check constraint 'directory_chk_1' is violated. in C:\\localhost\\import_directory.php:94\nStack trace:\n#0 C:\\localhost\\import_directory.php(94): mysqli_query(Object(mysqli), 'INSERT INTO dir...')\n#1 {main}\n  thrown in C:\\localhost\\import_directory.php on line 94, referer: http://localhost/import_directory.php
[Thu May 11 22:13:14.572582 2023] [php:error] [pid 12052:tid 1160] [client ::1:53424] PHP Fatal error:  Uncaught mysqli_sql_exception: Check constraint 'directory_chk_1' is violated. in C:\\localhost\\import_directory.php:94\nStack trace:\n#0 C:\\localhost\\import_directory.php(94): mysqli_query(Object(mysqli), 'INSERT INTO dir...')\n#1 {main}\n  thrown in C:\\localhost\\import_directory.php on line 94, referer: http://localhost/import_directory.php
[Thu May 11 22:13:33.845246 2023] [php:error] [pid 12052:tid 1160] [client ::1:53435] PHP Fatal error:  Uncaught mysqli_sql_exception: Check constraint 'directory_chk_1' is violated. in C:\\localhost\\import_directory.php:94\nStack trace:\n#0 C:\\localhost\\import_directory.php(94): mysqli_query(Object(mysqli), 'INSERT INTO dir...')\n#1 {main}\n  thrown in C:\\localhost\\import_directory.php on line 94, referer: http://localhost/import_directory.php
[Thu May 11 22:17:31.298098 2023] [php:error] [pid 12052:tid 1160] [client ::1:54104] PHP Fatal error:  Uncaught mysqli_sql_exception: Check constraint 'directory_chk_1' is violated. in C:\\localhost\\import_directory.php:94\nStack trace:\n#0 C:\\localhost\\import_directory.php(94): mysqli_query(Object(mysqli), 'INSERT INTO dir...')\n#1 {main}\n  thrown in C:\\localhost\\import_directory.php on line 94, referer: http://localhost/import_directory.php
[Thu May 11 22:17:44.612815 2023] [php:error] [pid 12052:tid 1160] [client ::1:54104] PHP Fatal error:  Uncaught mysqli_sql_exception: Check constraint 'directory_chk_1' is violated. in C:\\localhost\\import_directory.php:94\nStack trace:\n#0 C:\\localhost\\import_directory.php(94): mysqli_query(Object(mysqli), 'INSERT INTO dir...')\n#1 {main}\n  thrown in C:\\localhost\\import_directory.php on line 94, referer: http://localhost/import_directory.php
[Thu May 11 22:31:07.017371 2023] [php:error] [pid 12052:tid 1160] [client ::1:55708] PHP Fatal error:  Uncaught mysqli_sql_exception: Check constraint 'directory_chk_1' is violated. in C:\\localhost\\import_directory.php:94\nStack trace:\n#0 C:\\localhost\\import_directory.php(94): mysqli_query(Object(mysqli), 'INSERT INTO dir...')\n#1 {main}\n  thrown in C:\\localhost\\import_directory.php on line 94, referer: http://localhost/import_directory.php
[Thu May 11 22:35:48.164004 2023] [php:error] [pid 12052:tid 1160] [client ::1:56369] PHP Fatal error:  Uncaught mysqli_sql_exception: Check constraint 'directory_chk_1' is violated. in C:\\localhost\\import_directory.php:83\nStack trace:\n#0 C:\\localhost\\import_directory.php(83): mysqli_query(Object(mysqli), 'INSERT INTO dir...')\n#1 {main}\n  thrown in C:\\localhost\\import_directory.php on line 83, referer: http://localhost/import_directory.php
[Thu May 11 22:36:36.529702 2023] [php:error] [pid 12052:tid 1160] [client ::1:57001] PHP Fatal error:  Uncaught mysqli_sql_exception: Check constraint 'directory_chk_1' is violated. in C:\\localhost\\import_directory.php:83\nStack trace:\n#0 C:\\localhost\\import_directory.php(83): mysqli_query(Object(mysqli), 'INSERT INTO dir...')\n#1 {main}\n  thrown in C:\\localhost\\import_directory.php on line 83, referer: http://localhost/import_directory.php
[Thu May 11 22:37:08.521759 2023] [mpm_winnt:notice] [pid 5740:tid 368] AH00422: Parent: Received shutdown signal -- Shutting down the server.
[Thu May 11 22:37:10.538958 2023] [mpm_winnt:notice] [pid 12052:tid 336] AH00364: Child: All worker threads have exited.
[Thu May 11 22:37:10.571857 2023] [mpm_winnt:notice] [pid 5740:tid 368] AH00430: Parent: Child process 12052 exited successfully.
[Tue Jun 13 19:40:00.789996 2023] [mpm_winnt:notice] [pid 8848:tid 192] AH00455: Apache/2.4.56 (Win64) PHP/8.2.3 configured -- resuming normal operations
[Tue Jun 13 19:40:00.795034 2023] [mpm_winnt:notice] [pid 8848:tid 192] AH00456: Apache Lounge VS17 Server built: Mar  6 2023 10:53:37
[Tue Jun 13 19:40:00.795034 2023] [core:notice] [pid 8848:tid 192] AH00094: Command line: 'C:\\Apache24\\bin\\httpd.exe -d C:/Apache24'
[Tue Jun 13 19:40:00.800188 2023] [mpm_winnt:notice] [pid 8848:tid 192] AH00418: Parent: Created child process 1996
Apache server shutdown initiated...
pm_winnt:notice] [pid 1996:tid 344] AH00354: Child: Starting 64 worker threads.
[Tue Jun 13 20:04:19.398195 2023] [php:error] [pid 1996:tid 1160] [client ::1:51947] script 'C:/localhost/auth_handler.php' not found or unable to stat, referer: http://localhost/index.php
[Tue Jun 13 20:04:24.575953 2023] [php:error] [pid 1996:tid 1160] [client ::1:51954] script 'C:/localhost/auth_handler.php' not found or unable to stat, referer: http://localhost/index.php
[Tue Jun 13 20:04:41.984121 2023] [php:error] [pid 1996:tid 1160] [client ::1:51962] script 'C:/localhost/auth_handler.php' not found or unable to stat, referer: http://localhost/index.php
[Tue Jun 13 20:04:42.722557 2023] [php:error] [pid 1996:tid 1160] [client ::1:51962] script 'C:/localhost/auth_handler.php' not found or unable to stat, referer: http://localhost/index.php
[Tue Jun 13 20:04:43.818515 2023] [php:error] [pid 1996:tid 1160] [client ::1:51962] script 'C:/localhost/auth_handler.php' not found or unable to stat, referer: http://localhost/index.php
[Tue Jun 13 20:04:59.002644 2023] [core:error] [pid 1996:tid 1124] (20025)The given path contained wildcard characters: [client ::1:51978] AH00036: access to /auth/*/js/jquery-3.6.4.min.js failed (filesystem path 'C:/localhost/auth/*'), referer: http://localhost/auth/auth.php
[Tue Jun 13 20:04:59.007631 2023] [core:error] [pid 1996:tid 1140] (20025)The given path contained wildcard characters: [client ::1:51979] AH00036: access to /auth/*/js/ajax.js failed (filesystem path 'C:/localhost/auth/*'), referer: http://localhost/auth/auth.php
[Tue Jun 13 20:04:59.709489 2023] [core:error] [pid 1996:tid 1124] (20025)The given path contained wildcard characters: [client ::1:51978] AH00036: access to /auth/*/js/jquery-3.6.4.min.js failed (filesystem path 'C:/localhost/auth/*'), referer: http://localhost/auth/auth.php
[Tue Jun 13 20:04:59.710995 2023] [core:error] [pid 1996:tid 1160] (20025)The given path contained wildcard characters: [client ::1:51981] AH00036: access to /auth/*/js/ajax.js failed (filesystem path 'C:/localhost/auth/*'), referer: http://localhost/auth/auth.php
[Tue Jun 13 20:07:38.557576 2023] [php:error] [pid 1996:tid 1160] [client ::1:52204] script 'C:/localhost/auth.php' not found or unable to stat
[Tue Jun 13 20:09:22.290401 2023] [core:error] [pid 1996:tid 1160] (20025)The given path contained wildcard characters: [client ::1:52308] AH00036: access to /auth/*/reg/reg.php failed (filesystem path 'C:/localhost/auth/*'), referer: http://localhost/auth/auth.php
[Tue Jun 13 20:11:12.112032 2023] [php:error] [pid 1996:tid 1160] [client ::1:52417] script 'C:/localhost/auth/index.php' not found or unable to stat, referer: http://localhost/auth/auth.php
[Tue Jun 13 20:12:38.020704 2023] [php:error] [pid 1996:tid 1160] [client ::1:52464] script 'C:/localhost/auth/index.php' not found or unable to stat, referer: http://localhost/auth/auth.php
[Tue Jun 13 20:14:17.646082 2023] [php:error] [pid 1996:tid 1160] [client ::1:52531] script 'C:/localhost/auth/index.php' not found or unable to stat, referer: http://localhost/auth/auth.php
[Tue Jun 13 20:15:03.251885 2023] [php:error] [pid 1996:tid 1160] [client ::1:52558] script 'C:/localhost/auth/index.php' not found or unable to stat, referer: http://localhost/auth/auth.php
[Tue Jun 13 20:20:12.235589 2023] [php:error] [pid 1996:tid 1120] [client ::1:52750] script 'C:/localhost/update/edit_user.php' not found or unable to stat, referer: http://localhost//update/update_user.php?id=64
[Tue Jun 13 20:20:13.647919 2023] [php:error] [pid 1996:tid 1120] [client ::1:52750] script 'C:/localhost/update/edit_user.php' not found or unable to stat, referer: http://localhost//update/update_user.php?id=64
[Tue Jun 13 20:20:14.047500 2023] [php:error] [pid 1996:tid 1120] [client ::1:52750] script 'C:/localhost/update/edit_user.php' not found or unable to stat, referer: http://localhost//update/update_user.php?id=64
[Tue Jun 13 20:20:14.221761 2023] [php:error] [pid 1996:tid 1120] [client ::1:52750] script 'C:/localhost/update/edit_user.php' not found or unable to stat, referer: http://localhost//update/update_user.php?id=64
[Tue Jun 13 20:20:14.383554 2023] [php:error] [pid 1996:tid 1120] [client ::1:52750] script 'C:/localhost/update/edit_user.php' not found or unable to stat, referer: http://localhost//update/update_user.php?id=64
[Tue Jun 13 20:20:14.558370 2023] [php:error] [pid 1996:tid 1120] [client ::1:52750] script 'C:/localhost/update/edit_user.php' not found or unable to stat, referer: http://localhost//update/update_user.php?id=64
[Tue Jun 13 20:20:21.999478 2023] [php:error] [pid 1996:tid 1160] [client ::1:52754] script 'C:/localhost/update/edit_user.php' not found or unable to stat, referer: http://localhost//update/update_user.php?id=64
[Tue Jun 13 20:20:23.021061 2023] [php:error] [pid 1996:tid 1160] [client ::1:52754] script 'C:/localhost/update/edit_user.php' not found or unable to stat, referer: http://localhost//update/update_user.php?id=64
[Tue Jun 13 20:31:06.644505 2023] [php:error] [pid 1996:tid 1124] [client ::1:53058] script 'C:/localhost/update_table.php' not found or unable to stat, referer: http://localhost//index.php
[Tue Jun 13 20:36:05.567475 2023] [php:error] [pid 1996:tid 1140] [client ::1:53227] script 'C:/localhost/import_directory.php' not found or unable to stat, referer: http://localhost///index.php
[Tue Jun 13 20:36:45.092111 2023] [php:error] [pid 1996:tid 1140] [client ::1:53269] script 'C:/localhost/auth/index.php' not found or unable to stat, referer: http://localhost/auth/auth.php
[Tue Jun 13 20:37:40.955837 2023] [php:error] [pid 1996:tid 1140] [client ::1:53314] script 'C:/localhost/auth/index.php' not found or unable to stat, referer: http://localhost/auth/auth.php
[Tue Jun 13 20:38:29.428547 2023] [php:error] [pid 1996:tid 1140] [client ::1:53349] script 'C:/localhost/auth/index.php' not found or unable to stat, referer: http://localhost/auth/auth.php
[Tue Jun 13 20:40:09.975135 2023] [php:error] [pid 1996:tid 1140] [client ::1:53397] PHP Parse error:  syntax error, unexpected variable "$new_url", expecting ")" in C:\\localhost\\auth\\auth.php on line 16, referer: http://localhost/index.php
[Tue Jun 13 20:40:14.633356 2023] [php:error] [pid 1996:tid 1140] [client ::1:53397] PHP Parse error:  syntax error, unexpected variable "$new_url", expecting ")" in C:\\localhost\\auth\\auth.php on line 16, referer: http://localhost/index.php
[Tue Jun 13 20:46:00.781592 2023] [php:warn] [pid 1996:tid 1160] [client ::1:53625] PHP Warning:  Undefined variable $uploadDirPath in C:\\localhost\\import_export_directory\\import_directory.php on line 93, referer: http://localhost/////import_export_directory/import_directory.php
[Tue Jun 13 20:46:00.781592 2023] [php:warn] [pid 1996:tid 1160] [client ::1:53625] PHP Warning:  Undefined variable $uniqueFileName in C:\\localhost\\import_export_directory\\import_directory.php on line 93, referer: http://localhost/////import_export_directory/import_directory.php
[Tue Jun 13 20:46:00.781592 2023] [php:warn] [pid 1996:tid 1160] [client ::1:53625] PHP Warning:  unlink(): Invalid argument in C:\\localhost\\import_export_directory\\import_directory.php on line 93, referer: http://localhost/////import_export_directory/import_directory.php
[Tue Jun 13 20:47:16.246302 2023] [php:warn] [pid 1996:tid 1160] [client ::1:53690] PHP Warning:  Undefined variable $uploadDirPath in C:\\localhost\\import_export_directory\\import_directory.php on line 93, referer: http://localhost/import_export_directory/import_directory.php
[Tue Jun 13 20:47:16.246302 2023] [php:warn] [pid 1996:tid 1160] [client ::1:53690] PHP Warning:  Undefined variable $uniqueFileName in C:\\localhost\\import_export_directory\\import_directory.php on line 93, referer: http://localhost/import_export_directory/import_directory.php
[Tue Jun 13 20:47:16.246302 2023] [php:warn] [pid 1996:tid 1160] [client ::1:53690] PHP Warning:  unlink(): Invalid argument in C:\\localhost\\import_export_directory\\import_directory.php on line 93, referer: http://localhost/import_export_directory/import_directory.php
[Tue Jun 13 21:23:50.242896 2023] [php:warn] [pid 1996:tid 1140] [client ::1:54663] PHP Warning:  Undefined variable $uploadDirPath in C:\\localhost\\import_export_directory\\import_directory.php on line 93, referer: http://localhost/import_export_directory/import_directory.php
[Tue Jun 13 21:23:50.242896 2023] [php:warn] [pid 1996:tid 1140] [client ::1:54663] PHP Warning:  Undefined variable $uniqueFileName in C:\\localhost\\import_export_directory\\import_directory.php on line 93, referer: http://localhost/import_export_directory/import_directory.php
[Tue Jun 13 21:23:50.242896 2023] [php:warn] [pid 1996:tid 1140] [client ::1:54663] PHP Warning:  unlink(): Invalid argument in C:\\localhost\\import_export_directory\\import_directory.php on line 93, referer: http://localhost/import_export_directory/import_directory.php
[Tue Jun 13 21:35:36.869752 2023] [php:error] [pid 1996:tid 1140] [client ::1:55007] PHP Fatal error:  Uncaught ValueError: Path cannot be empty in C:\\localhost\\import_export_directory\\import_directory.php:40\nStack trace:\n#0 C:\\localhost\\import_export_directory\\import_directory.php(40): fopen('', 'r')\n#1 {main}\n  thrown in C:\\localhost\\import_export_directory\\import_directory.php on line 40, referer: http://localhost/import_export_directory/import_directory.php
[Tue Jun 13 21:35:47.218360 2023] [php:error] [pid 1996:tid 1140] [client ::1:55025] PHP Fatal error:  Uncaught ValueError: Path cannot be empty in C:\\localhost\\import_export_directory\\import_directory.php:40\nStack trace:\n#0 C:\\localhost\\import_export_directory\\import_directory.php(40): fopen('', 'r')\n#1 {main}\n  thrown in C:\\localhost\\import_export_directory\\import_directory.php on line 40, referer: http://localhost/import_export_directory/import_directory.php
[Tue Jun 13 21:39:17.887579 2023] [php:error] [pid 1996:tid 1140] [client ::1:55130] PHP Parse error:  syntax error, unexpected token "}", expecting "," or ";" in C:\\localhost\\import_export_directory\\import_directory.php on line 99, referer: http://localhost/index.php
[Tue Jun 13 21:39:18.832007 2023] [php:error] [pid 1996:tid 1140] [client ::1:55130] PHP Parse error:  syntax error, unexpected token "}", expecting "," or ";" in C:\\localhost\\import_export_directory\\import_directory.php on line 99, referer: http://localhost/index.php
[Tue Jun 13 22:19:41.070652 2023] [mpm_winnt:notice] [pid 8848:tid 192] AH00422: Parent: Received shutdown signal -- Shutting down the server.
[Tue Jun 13 22:19:43.082963 2023] [mpm_winnt:notice] [pid 1996:tid 344] AH00364: Child: All worker threads have exited.
[Tue Jun 13 22:19:43.114373 2023] [mpm_winnt:notice] [pid 8848:tid 192] AH00430: Parent: Child process 1996 exited successfully.
[Wed Jun 14 19:09:20.174546 2023] [mpm_winnt:notice] [pid 31536:tid 340] AH00455: Apache/2.4.56 (Win64) PHP/8.2.3 configured -- resuming normal operations
[Wed Jun 14 19:09:20.176079 2023] [mpm_winnt:notice] [pid 31536:tid 340] AH00456: Apache Lounge VS17 Server built: Mar  6 2023 10:53:37
[Wed Jun 14 19:09:20.176079 2023] [core:notice] [pid 31536:tid 340] AH00094: Command line: 'C:\\Apache24\\bin\\httpd.exe -d C:/Apache24'
[Wed Jun 14 19:09:20.176079 2023] [mpm_winnt:notice] [pid 31536:tid 340] AH00418: Parent: Created child process 6400
Apache server shutdown initiated...
pm_winnt:notice] [pid 6400:tid 360] AH00354: Child: Starting 64 worker threads.
[Wed Jun 14 20:13:52.083255 2023] [php:error] [pid 6400:tid 1132] [client ::1:53146] PHP Fatal error:  Uncaught mysqli_sql_exception: Check constraint 'directory_chk_1' is violated. in C:\\localhost\\import_export_directory\\import_directory.php:93\nStack trace:\n#0 C:\\localhost\\import_export_directory\\import_directory.php(93): mysqli_query(Object(mysqli), 'INSERT INTO dir...')\n#1 {main}\n  thrown in C:\\localhost\\import_export_directory\\import_directory.php on line 93, referer: http://localhost/import_export_directory/import_directory.php
[Wed Jun 14 20:14:27.547966 2023] [php:error] [pid 6400:tid 1132] [client ::1:53233] PHP Fatal error:  Uncaught mysqli_sql_exception: Check constraint 'directory_chk_1' is violated. in C:\\localhost\\import_export_directory\\import_directory.php:93\nStack trace:\n#0 C:\\localhost\\import_export_directory\\import_directory.php(93): mysqli_query(Object(mysqli), 'INSERT INTO dir...')\n#1 {main}\n  thrown in C:\\localhost\\import_export_directory\\import_directory.php on line 93, referer: http://localhost/import_export_directory/import_directory.php
[Wed Jun 14 21:14:24.051406 2023] [mpm_winnt:notice] [pid 31536:tid 340] AH00422: Parent: Received shutdown signal -- Shutting down the server.
[Wed Jun 14 21:14:26.079878 2023] [mpm_winnt:notice] [pid 6400:tid 360] AH00364: Child: All worker threads have exited.
[Wed Jun 14 21:14:26.145489 2023] [mpm_winnt:notice] [pid 31536:tid 340] AH00430: Parent: Child process 6400 exited successfully.
